<?xml version="1.0" encoding="UTF-8"?>
<testng-results ignored="0" total="1" passed="1" failed="0" skipped="0">
  <reporter-output>
  </reporter-output>
  <suite started-at="2024-09-07T18:30:57 IST" name="Default suite" finished-at="2024-09-07T18:31:22 IST" duration-ms="24237">
    <groups>
      <group name="cucumber">
        <method signature="AbstractTestNGCucumberTests.runScenario(io.cucumber.testng.PickleWrapper,io.cucumber.testng.FeatureWrapper)[pri:0, instance:runner.LoginWithCucumber_TC_002@2eae8e6e]" name="runScenario" class="io.cucumber.testng.AbstractTestNGCucumberTests"/>
      </group> <!-- cucumber -->
    </groups>
    <test started-at="2024-09-07T18:30:57 IST" name="Default test" finished-at="2024-09-07T18:31:22 IST" duration-ms="24237">
      <class name="runner.LoginWithCucumber_TC_002">
        <test-method is-config="true" signature="startReport()[pri:0, instance:runner.LoginWithCucumber_TC_002@2eae8e6e]" started-at="2024-09-07T18:30:56 IST" name="startReport" finished-at="2024-09-07T18:30:57 IST" duration-ms="1066" status="PASS">
          <reporter-output>
          </reporter-output>
        </test-method> <!-- startReport -->
        <test-method is-config="true" signature="setValues()[pri:0, instance:runner.LoginWithCucumber_TC_002@2eae8e6e]" started-at="2024-09-07T18:30:57 IST" name="setValues" finished-at="2024-09-07T18:30:57 IST" duration-ms="2" status="PASS">
          <reporter-output>
          </reporter-output>
        </test-method> <!-- setValues -->
        <test-method is-config="true" signature="setUpClass(org.testng.ITestContext)[pri:0, instance:runner.LoginWithCucumber_TC_002@2eae8e6e]" started-at="2024-09-07T18:30:57 IST" name="setUpClass" finished-at="2024-09-07T18:30:59 IST" duration-ms="1099" status="PASS">
          <params>
            <param index="0">
              <value>
                <![CDATA[org.testng.TestRunner@656c5c3]]>
              </value>
            </param>
          </params>
          <reporter-output>
          </reporter-output>
        </test-method> <!-- setUpClass -->
        <test-method is-config="true" signature="testdetails()[pri:0, instance:runner.LoginWithCucumber_TC_002@2eae8e6e]" started-at="2024-09-07T18:30:59 IST" name="testdetails" finished-at="2024-09-07T18:30:59 IST" duration-ms="6" status="PASS">
          <reporter-output>
          </reporter-output>
        </test-method> <!-- testdetails -->
        <test-method is-config="true" signature="preCondition()[pri:0, instance:runner.LoginWithCucumber_TC_002@2eae8e6e]" started-at="2024-09-07T18:30:59 IST" name="preCondition" finished-at="2024-09-07T18:31:08 IST" duration-ms="9066" status="PASS">
          <reporter-output>
          </reporter-output>
        </test-method> <!-- preCondition -->
        <test-method signature="runScenario(io.cucumber.testng.PickleWrapper,io.cucumber.testng.FeatureWrapper)[pri:0, instance:runner.LoginWithCucumber_TC_002@2eae8e6e]" started-at="2024-09-07T18:31:08 IST" name="runScenario" description="Runs Cucumber Scenarios" data-provider="scenarios" finished-at="2024-09-07T18:31:20 IST" duration-ms="11872" status="PASS">
          <params>
            <param index="0">
              <value>
                <![CDATA["Login with positive data"]]>
              </value>
            </param>
            <param index="1">
              <value>
                <![CDATA["Login for Leaftap Application"]]>
              </value>
            </param>
          </params>
          <reporter-output>
          </reporter-output>
        </test-method> <!-- runScenario -->
        <test-method is-config="true" signature="postCondition()[pri:0, instance:runner.LoginWithCucumber_TC_002@2eae8e6e]" started-at="2024-09-07T18:31:20 IST" name="postCondition" finished-at="2024-09-07T18:31:20 IST" duration-ms="378" status="PASS">
          <reporter-output>
          </reporter-output>
        </test-method> <!-- postCondition -->
        <test-method is-config="true" signature="tearDownClass()[pri:0, instance:runner.LoginWithCucumber_TC_002@2eae8e6e]" started-at="2024-09-07T18:31:20 IST" name="tearDownClass" finished-at="2024-09-07T18:31:22 IST" duration-ms="1738" status="PASS">
          <reporter-output>
          </reporter-output>
        </test-method> <!-- tearDownClass -->
        <test-method is-config="true" signature="stopReport()[pri:0, instance:runner.LoginWithCucumber_TC_002@2eae8e6e]" started-at="2024-09-07T18:31:22 IST" name="stopReport" finished-at="2024-09-07T18:31:22 IST" duration-ms="532" status="PASS">
          <reporter-output>
          </reporter-output>
        </test-method> <!-- stopReport -->
      </class> <!-- runner.LoginWithCucumber_TC_002 -->
    </test> <!-- Default test -->
  </suite> <!-- Default suite -->
</testng-results>
